[2025-08-06T15:59:24.537+0000] {local_task_job_runner.py:120} INFO - ::group::Pre task execution logs
[2025-08-06T15:59:24.543+0000] {taskinstance.py:2076} INFO - Dependencies all met for dep_context=non-requeueable deps ti=<TaskInstance: mysql_to_s3_metadata_dag.upload_train manual__2025-08-06T15:59:06.279140+00:00 [queued]>
[2025-08-06T15:59:24.546+0000] {taskinstance.py:2076} INFO - Dependencies all met for dep_context=requeueable deps ti=<TaskInstance: mysql_to_s3_metadata_dag.upload_train manual__2025-08-06T15:59:06.279140+00:00 [queued]>
[2025-08-06T15:59:24.546+0000] {taskinstance.py:2306} INFO - Starting attempt 1 of 1
[2025-08-06T15:59:24.551+0000] {taskinstance.py:2330} INFO - Executing <Task(PythonOperator): upload_train> on 2025-08-06 15:59:06.279140+00:00
[2025-08-06T15:59:24.555+0000] {logging_mixin.py:188} WARNING - /home/***/.local/lib/python3.12/site-packages/***/task/task_runner/standard_task_runner.py:61 DeprecationWarning: This process (pid=493) is multi-threaded, use of fork() may lead to deadlocks in the child.
[2025-08-06T15:59:24.556+0000] {standard_task_runner.py:63} INFO - Started process 495 to run task
[2025-08-06T15:59:24.556+0000] {standard_task_runner.py:90} INFO - Running: ['***', 'tasks', 'run', 'mysql_to_s3_metadata_dag', 'upload_train', 'manual__2025-08-06T15:59:06.279140+00:00', '--job-id', '52', '--raw', '--subdir', 'DAGS_FOLDER/extract/mysql_to_s3_dag.py', '--cfg-path', '/tmp/tmpntlp3w7l']
[2025-08-06T15:59:24.559+0000] {standard_task_runner.py:91} INFO - Job 52: Subtask upload_train
[2025-08-06T15:59:24.565+0000] {logging_mixin.py:188} WARNING - /home/***/.local/lib/python3.12/site-packages/***/settings.py:195 DeprecationWarning: The sql_alchemy_conn option in [core] has been moved to the sql_alchemy_conn option in [database] - the old setting has been used, but please update your config.
[2025-08-06T15:59:24.582+0000] {task_command.py:426} INFO - Running <TaskInstance: mysql_to_s3_metadata_dag.upload_train manual__2025-08-06T15:59:06.279140+00:00 [running]> on host 3bffe12d583b
[2025-08-06T15:59:24.616+0000] {taskinstance.py:2648} INFO - Exporting env vars: AIRFLOW_CTX_DAG_OWNER='***' AIRFLOW_CTX_DAG_ID='mysql_to_s3_metadata_dag' AIRFLOW_CTX_TASK_ID='upload_train' AIRFLOW_CTX_EXECUTION_DATE='2025-08-06T15:59:06.279140+00:00' AIRFLOW_CTX_TRY_NUMBER='1' AIRFLOW_CTX_DAG_RUN_ID='manual__2025-08-06T15:59:06.279140+00:00'
[2025-08-06T15:59:24.616+0000] {taskinstance.py:430} INFO - ::endgroup::
[2025-08-06T15:59:24.629+0000] {base.py:84} INFO - Using connection ID 'aws_default' for task execution.
[2025-08-06T15:59:24.630+0000] {connection_wrapper.py:384} INFO - AWS Connection (conn_id='aws_default', conn_type='aws') credentials retrieved from login and password.
[2025-08-06T15:59:24.630+0000] {connection_wrapper.py:401} INFO - AWS Connection (conn_id='aws_default', conn_type='aws') session token retrieved from extra, please note you are responsible for renewing these.
[2025-08-06T15:59:25.037+0000] {taskinstance.py:441} INFO - ::group::Post task execution logs
[2025-08-06T15:59:25.037+0000] {taskinstance.py:2905} ERROR - Task failed with exception
Traceback (most recent call last):
  File "/home/airflow/.local/lib/python3.12/site-packages/boto3/s3/transfer.py", line 371, in upload_file
    future.result()
  File "/home/airflow/.local/lib/python3.12/site-packages/s3transfer/futures.py", line 103, in result
    return self._coordinator.result()
           ^^^^^^^^^^^^^^^^^^^^^^^^^^
  File "/home/airflow/.local/lib/python3.12/site-packages/s3transfer/futures.py", line 266, in result
    raise self._exception
  File "/home/airflow/.local/lib/python3.12/site-packages/s3transfer/tasks.py", line 139, in __call__
    return self._execute_main(kwargs)
           ^^^^^^^^^^^^^^^^^^^^^^^^^^
  File "/home/airflow/.local/lib/python3.12/site-packages/s3transfer/tasks.py", line 162, in _execute_main
    return_value = self._main(**kwargs)
                   ^^^^^^^^^^^^^^^^^^^^
  File "/home/airflow/.local/lib/python3.12/site-packages/s3transfer/tasks.py", line 348, in _main
    response = client.create_multipart_upload(
               ^^^^^^^^^^^^^^^^^^^^^^^^^^^^^^^
  File "/home/airflow/.local/lib/python3.12/site-packages/botocore/client.py", line 553, in _api_call
    return self._make_api_call(operation_name, kwargs)
           ^^^^^^^^^^^^^^^^^^^^^^^^^^^^^^^^^^^^^^^^^^^
  File "/home/airflow/.local/lib/python3.12/site-packages/botocore/client.py", line 1009, in _make_api_call
    raise error_class(parsed_response, operation_name)
botocore.exceptions.ClientError: An error occurred (ExpiredToken) when calling the CreateMultipartUpload operation: The provided token has expired.

During handling of the above exception, another exception occurred:

Traceback (most recent call last):
  File "/home/airflow/.local/lib/python3.12/site-packages/airflow/models/taskinstance.py", line 465, in _execute_task
    result = _execute_callable(context=context, **execute_callable_kwargs)
             ^^^^^^^^^^^^^^^^^^^^^^^^^^^^^^^^^^^^^^^^^^^^^^^^^^^^^^^^^^^^^
  File "/home/airflow/.local/lib/python3.12/site-packages/airflow/models/taskinstance.py", line 432, in _execute_callable
    return execute_callable(context=context, **execute_callable_kwargs)
           ^^^^^^^^^^^^^^^^^^^^^^^^^^^^^^^^^^^^^^^^^^^^^^^^^^^^^^^^^^^^
  File "/home/airflow/.local/lib/python3.12/site-packages/airflow/models/baseoperator.py", line 400, in wrapper
    return func(self, *args, **kwargs)
           ^^^^^^^^^^^^^^^^^^^^^^^^^^^
  File "/home/airflow/.local/lib/python3.12/site-packages/airflow/operators/python.py", line 235, in execute
    return_value = self.execute_callable()
                   ^^^^^^^^^^^^^^^^^^^^^^^
  File "/home/airflow/.local/lib/python3.12/site-packages/airflow/operators/python.py", line 252, in execute_callable
    return self.python_callable(*self.op_args, **self.op_kwargs)
           ^^^^^^^^^^^^^^^^^^^^^^^^^^^^^^^^^^^^^^^^^^^^^^^^^^^^^
  File "/opt/airflow/dags/helpers/extract_load_functions.py", line 35, in upload_to_s3
    s3.load_file(
  File "/home/airflow/.local/lib/python3.12/site-packages/airflow/providers/amazon/aws/hooks/s3.py", line 135, in wrapper
    return func(*bound_args.args, **bound_args.kwargs)
           ^^^^^^^^^^^^^^^^^^^^^^^^^^^^^^^^^^^^^^^^^^^
  File "/home/airflow/.local/lib/python3.12/site-packages/airflow/providers/amazon/aws/hooks/s3.py", line 89, in wrapper
    return func(*bound_args.args, **bound_args.kwargs)
           ^^^^^^^^^^^^^^^^^^^^^^^^^^^^^^^^^^^^^^^^^^^
  File "/home/airflow/.local/lib/python3.12/site-packages/airflow/providers/amazon/aws/hooks/s3.py", line 1098, in load_file
    client.upload_file(filename, bucket_name, key, ExtraArgs=extra_args, Config=self.transfer_config)
  File "/home/airflow/.local/lib/python3.12/site-packages/boto3/s3/inject.py", line 145, in upload_file
    return transfer.upload_file(
           ^^^^^^^^^^^^^^^^^^^^^
  File "/home/airflow/.local/lib/python3.12/site-packages/boto3/s3/transfer.py", line 377, in upload_file
    raise S3UploadFailedError(
boto3.exceptions.S3UploadFailedError: Failed to upload /opt/***/temp/train.csv to favorita-retail-pipeline/raw/train.csv: An error occurred (ExpiredToken) when calling the CreateMultipartUpload operation: The provided token has expired.
[2025-08-06T15:59:25.048+0000] {taskinstance.py:1206} INFO - Marking task as FAILED. dag_id=mysql_to_s3_metadata_dag, task_id=upload_train, run_id=manual__2025-08-06T15:59:06.279140+00:00, execution_date=20250806T155906, start_date=20250806T155924, end_date=20250806T155925
[2025-08-06T15:59:25.053+0000] {standard_task_runner.py:110} ERROR - Failed to execute job 52 for task upload_train (Failed to upload /opt/***/temp/train.csv to favorita-retail-pipeline/raw/train.csv: An error occurred (ExpiredToken) when calling the CreateMultipartUpload operation: The provided token has expired.; 495)
[2025-08-06T15:59:25.071+0000] {local_task_job_runner.py:240} INFO - Task exited with return code 1
[2025-08-06T15:59:25.078+0000] {taskinstance.py:3498} INFO - 0 downstream tasks scheduled from follow-on schedule check
[2025-08-06T15:59:25.079+0000] {local_task_job_runner.py:222} INFO - ::endgroup::
